<?xml version="1.0" encoding="UTF-8"?>
<!-- Generated by org.testng.reporters.JUnitReportReporter -->
<testsuite skipped="0" hostname="HabiburRahman" name="valueAddedServiceModule.BillPayTest" tests="10" failures="0" timestamp="15 May 2017 11:58:43 GMT" time="286.302" errors="1">
  <testcase name="deleteAndAddBeneficiaryOfClubPayment" time="27.194" classname="valueAddedServiceModule.BillPayTest"/>
  <testcase name="mobileBillPay" time="21.661" classname="valueAddedServiceModule.BillPayTest"/>
  <testcase name="deleteAndAddBeneficiaryOfUtilityBill" time="25.549" classname="valueAddedServiceModule.BillPayTest"/>
  <testcase name="internetBillPay" time="25.153" classname="valueAddedServiceModule.BillPayTest"/>
  <testcase name="deleteAndAddBeneficiaryOfMobileBill" time="62.687" classname="valueAddedServiceModule.BillPayTest">
    <error type="org.openqa.selenium.NoSuchElementException" message="Cannot locate element with text: Auto Test
For documentation on this error, please visit: http://seleniumhq.org/exceptions/no_such_element.html
Build info: version: &#039;unknown&#039;, revision: &#039;unknown&#039;, time: &#039;unknown&#039;
System info: host: &#039;HABIBURRAHMAN&#039;, ip: &#039;172.16.230.89&#039;, os.name: &#039;Windows 10&#039;, os.arch: &#039;amd64&#039;, os.version: &#039;10.0&#039;, java.version: &#039;1.8.0_71&#039;
Driver info: driver.version: unknown">
      <![CDATA[org.openqa.selenium.NoSuchElementException: Cannot locate element with text: Auto Test
For documentation on this error, please visit: http://seleniumhq.org/exceptions/no_such_element.html
Build info: version: 'unknown', revision: 'unknown', time: 'unknown'
System info: host: 'HABIBURRAHMAN', ip: '172.16.230.89', os.name: 'Windows 10', os.arch: 'amd64', os.version: '10.0', java.version: '1.8.0_71'
Driver info: driver.version: unknown
	at org.openqa.selenium.support.ui.Select.selectByVisibleText(Select.java:151)
	at valueAddedServiceModule.MobileBill.deleteBeneficiary(MobileBill.java:63)
	at valueAddedServiceModule.BillPayTest.deleteAndAddBeneficiaryOfMobileBill(BillPayTest.java:47)
	at sun.reflect.NativeMethodAccessorImpl.invoke0(Native Method)
	at sun.reflect.NativeMethodAccessorImpl.invoke(Unknown Source)
	at sun.reflect.DelegatingMethodAccessorImpl.invoke(Unknown Source)
	at java.lang.reflect.Method.invoke(Unknown Source)
	at org.testng.internal.MethodInvocationHelper.invokeMethod(MethodInvocationHelper.java:108)
	at org.testng.internal.Invoker.invokeMethod(Invoker.java:661)
	at org.testng.internal.Invoker.invokeTestMethod(Invoker.java:869)
	at org.testng.internal.Invoker.invokeTestMethods(Invoker.java:1193)
	at org.testng.internal.TestMethodWorker.invokeTestMethods(TestMethodWorker.java:126)
	at org.testng.internal.TestMethodWorker.run(TestMethodWorker.java:109)
	at org.testng.TestRunner.privateRun(TestRunner.java:744)
	at org.testng.TestRunner.run(TestRunner.java:602)
	at org.testng.SuiteRunner.runTest(SuiteRunner.java:380)
	at org.testng.SuiteRunner.runSequentially(SuiteRunner.java:375)
	at org.testng.SuiteRunner.privateRun(SuiteRunner.java:340)
	at org.testng.SuiteRunner.run(SuiteRunner.java:289)
	at org.testng.SuiteRunnerWorker.runSuite(SuiteRunnerWorker.java:52)
	at org.testng.SuiteRunnerWorker.run(SuiteRunnerWorker.java:86)
	at org.testng.TestNG.runSuitesSequentially(TestNG.java:1301)
	at org.testng.TestNG.runSuitesLocally(TestNG.java:1226)
	at org.testng.TestNG.runSuites(TestNG.java:1144)
	at org.testng.TestNG.run(TestNG.java:1115)
	at org.testng.remote.AbstractRemoteTestNG.run(AbstractRemoteTestNG.java:132)
	at org.testng.remote.RemoteTestNG.initAndRun(RemoteTestNG.java:230)
	at org.testng.remote.RemoteTestNG.main(RemoteTestNG.java:76)
]]>
    </error>
  </testcase> <!-- deleteAndAddBeneficiaryOfMobileBill -->
  <testcase name="deleteAndAddBeneficiaryOfInsurancePayment" time="23.750" classname="valueAddedServiceModule.BillPayTest"/>
  <testcase name="insuranceBillPay" time="26.907" classname="valueAddedServiceModule.BillPayTest"/>
  <testcase name="clubBillPay" time="25.997" classname="valueAddedServiceModule.BillPayTest"/>
  <testcase name="deleteAndAddBeneficiaryOfTutionFee" time="23.924" classname="valueAddedServiceModule.BillPayTest"/>
  <testcase name="deleteAndAddBeneficiaryOfInternetBill" time="23.480" classname="valueAddedServiceModule.BillPayTest"/>
</testsuite> <!-- valueAddedServiceModule.BillPayTest -->
